<?xml version="1.0" encoding="UTF-8"?>
<testsuite name="Hello.HelloSpring.HelloSpringApplicationTests" tests="1" skipped="0" failures="0" errors="0" timestamp="2021-03-15T16:02:57" hostname="DESKTOP-FB4SDVF" time="0.637">
  <properties/>
  <testcase name="contextLoads()" classname="Hello.HelloSpring.HelloSpringApplicationTests" time="0.637"/>
  <system-out><![CDATA[01:02:54.828 [Test worker] DEBUG org.springframework.test.context.BootstrapUtils - Instantiating CacheAwareContextLoaderDelegate from class [org.springframework.test.context.cache.DefaultCacheAwareContextLoaderDelegate]
01:02:54.846 [Test worker] DEBUG org.springframework.test.context.BootstrapUtils - Instantiating BootstrapContext using constructor [public org.springframework.test.context.support.DefaultBootstrapContext(java.lang.Class,org.springframework.test.context.CacheAwareContextLoaderDelegate)]
01:02:54.885 [Test worker] DEBUG org.springframework.test.context.BootstrapUtils - Instantiating TestContextBootstrapper for test class [Hello.HelloSpring.HelloSpringApplicationTests] from class [org.springframework.boot.test.context.SpringBootTestContextBootstrapper]
01:02:54.903 [Test worker] INFO org.springframework.boot.test.context.SpringBootTestContextBootstrapper - Neither @ContextConfiguration nor @ContextHierarchy found for test class [Hello.HelloSpring.HelloSpringApplicationTests], using SpringBootContextLoader
01:02:54.909 [Test worker] DEBUG org.springframework.test.context.support.AbstractContextLoader - Did not detect default resource location for test class [Hello.HelloSpring.HelloSpringApplicationTests]: class path resource [Hello/HelloSpring/HelloSpringApplicationTests-context.xml] does not exist
01:02:54.909 [Test worker] DEBUG org.springframework.test.context.support.AbstractContextLoader - Did not detect default resource location for test class [Hello.HelloSpring.HelloSpringApplicationTests]: class path resource [Hello/HelloSpring/HelloSpringApplicationTestsContext.groovy] does not exist
01:02:54.909 [Test worker] INFO org.springframework.test.context.support.AbstractContextLoader - Could not detect default resource locations for test class [Hello.HelloSpring.HelloSpringApplicationTests]: no resource found for suffixes {-context.xml, Context.groovy}.
01:02:54.910 [Test worker] INFO org.springframework.test.context.support.AnnotationConfigContextLoaderUtils - Could not detect default configuration classes for test class [Hello.HelloSpring.HelloSpringApplicationTests]: HelloSpringApplicationTests does not declare any static, non-private, non-final, nested classes annotated with @Configuration.
01:02:54.957 [Test worker] DEBUG org.springframework.test.context.support.ActiveProfilesUtils - Could not find an 'annotation declaring class' for annotation type [org.springframework.test.context.ActiveProfiles] and class [Hello.HelloSpring.HelloSpringApplicationTests]
01:02:55.042 [Test worker] DEBUG org.springframework.context.annotation.ClassPathScanningCandidateComponentProvider - Identified candidate component class: file [C:\Users\KBH\Desktop\HelloSpring\build\classes\java\main\Hello\HelloSpring\HelloSpringApplication.class]
01:02:55.043 [Test worker] INFO org.springframework.boot.test.context.SpringBootTestContextBootstrapper - Found @SpringBootConfiguration Hello.HelloSpring.HelloSpringApplication for test class Hello.HelloSpring.HelloSpringApplicationTests
01:02:55.177 [Test worker] DEBUG org.springframework.boot.test.context.SpringBootTestContextBootstrapper - @TestExecutionListeners is not present for class [Hello.HelloSpring.HelloSpringApplicationTests]: using defaults.
01:02:55.178 [Test worker] INFO org.springframework.boot.test.context.SpringBootTestContextBootstrapper - Loaded default TestExecutionListener class names from location [META-INF/spring.factories]: [org.springframework.boot.test.autoconfigure.restdocs.RestDocsTestExecutionListener, org.springframework.boot.test.autoconfigure.web.client.MockRestServiceServerResetTestExecutionListener, org.springframework.boot.test.autoconfigure.web.servlet.MockMvcPrintOnlyOnFailureTestExecutionListener, org.springframework.boot.test.autoconfigure.web.servlet.WebDriverTestExecutionListener, org.springframework.boot.test.autoconfigure.webservices.client.MockWebServiceServerTestExecutionListener, org.springframework.boot.test.mock.mockito.MockitoTestExecutionListener, org.springframework.boot.test.mock.mockito.ResetMocksTestExecutionListener, org.springframework.test.context.web.ServletTestExecutionListener, org.springframework.test.context.support.DirtiesContextBeforeModesTestExecutionListener, org.springframework.test.context.support.DependencyInjectionTestExecutionListener, org.springframework.test.context.support.DirtiesContextTestExecutionListener, org.springframework.test.context.transaction.TransactionalTestExecutionListener, org.springframework.test.context.jdbc.SqlScriptsTestExecutionListener, org.springframework.test.context.event.EventPublishingTestExecutionListener]
01:02:55.196 [Test worker] DEBUG org.springframework.boot.test.context.SpringBootTestContextBootstrapper - Skipping candidate TestExecutionListener [org.springframework.test.context.transaction.TransactionalTestExecutionListener] due to a missing dependency. Specify custom listener classes or make the default listener classes and their required dependencies available. Offending class: [org/springframework/transaction/interceptor/TransactionAttributeSource]
01:02:55.197 [Test worker] DEBUG org.springframework.boot.test.context.SpringBootTestContextBootstrapper - Skipping candidate TestExecutionListener [org.springframework.test.context.jdbc.SqlScriptsTestExecutionListener] due to a missing dependency. Specify custom listener classes or make the default listener classes and their required dependencies available. Offending class: [org/springframework/transaction/interceptor/TransactionAttribute]
01:02:55.197 [Test worker] INFO org.springframework.boot.test.context.SpringBootTestContextBootstrapper - Using TestExecutionListeners: [org.springframework.test.context.web.ServletTestExecutionListener@39314e2b, org.springframework.test.context.support.DirtiesContextBeforeModesTestExecutionListener@63fa28c, org.springframework.boot.test.mock.mockito.MockitoTestExecutionListener@57e36680, org.springframework.boot.test.autoconfigure.SpringBootDependencyInjectionTestExecutionListener@5f29ccef, org.springframework.test.context.support.DirtiesContextTestExecutionListener@6cda8137, org.springframework.test.context.event.EventPublishingTestExecutionListener@178a65e2, org.springframework.boot.test.autoconfigure.restdocs.RestDocsTestExecutionListener@5b91d6f5, org.springframework.boot.test.autoconfigure.web.client.MockRestServiceServerResetTestExecutionListener@4a4e37dc, org.springframework.boot.test.autoconfigure.web.servlet.MockMvcPrintOnlyOnFailureTestExecutionListener@7225d49b, org.springframework.boot.test.autoconfigure.web.servlet.WebDriverTestExecutionListener@36c41a48, org.springframework.boot.test.autoconfigure.webservices.client.MockWebServiceServerTestExecutionListener@63b7541b, org.springframework.boot.test.mock.mockito.ResetMocksTestExecutionListener@587c6f66]
01:02:55.201 [Test worker] DEBUG org.springframework.test.context.support.AbstractDirtiesContextTestExecutionListener - Before test class: context [DefaultTestContext@3e2262ea testClass = HelloSpringApplicationTests, testInstance = [null], testMethod = [null], testException = [null], mergedContextConfiguration = [WebMergedContextConfiguration@27b27e38 testClass = HelloSpringApplicationTests, locations = '{}', classes = '{class Hello.HelloSpring.HelloSpringApplication}', contextInitializerClasses = '[]', activeProfiles = '{}', propertySourceLocations = '{}', propertySourceProperties = '{org.springframework.boot.test.context.SpringBootTestContextBootstrapper=true}', contextCustomizers = set[org.springframework.boot.test.autoconfigure.properties.PropertyMappingContextCustomizer@0, org.springframework.boot.test.autoconfigure.web.servlet.WebDriverContextCustomizerFactory$Customizer@45a69c71, org.springframework.boot.test.context.filter.ExcludeFilterContextCustomizer@68e75156, org.springframework.boot.test.json.DuplicateJsonObjectContextCustomizerFactory$DuplicateJsonObjectContextCustomizer@734fb264, org.springframework.boot.test.mock.mockito.MockitoContextCustomizer@0, org.springframework.boot.test.web.client.TestRestTemplateContextCustomizer@1edce140, org.springframework.boot.test.context.SpringBootTestArgs@1, org.springframework.boot.test.context.SpringBootTestWebEnvironment@dd6ec51], resourceBasePath = 'src/main/webapp', contextLoader = 'org.springframework.boot.test.context.SpringBootContextLoader', parent = [null]], attributes = map['org.springframework.test.context.web.ServletTestExecutionListener.activateListener' -> true]], class annotated with @DirtiesContext [false] with mode [null].
01:02:55.236 [Test worker] DEBUG org.springframework.test.context.support.TestPropertySourceUtils - Adding inlined properties to environment: {spring.jmx.enabled=false, org.springframework.boot.test.context.SpringBootTestContextBootstrapper=true}

  .   ____          _            __ _ _
 /\\ / ___'_ __ _ _(_)_ __  __ _ \ \ \ \
( ( )\___ | '_ | '_| | '_ \/ _` | \ \ \ \
 \\/  ___)| |_)| | | | | || (_| |  ) ) ) )
  '  |____| .__|_| |_|_| |_\__, | / / / /
 =========|_|==============|___/=/_/_/_/
 :: Spring Boot ::        (v2.3.9.RELEASE)

2021-03-16 01:02:55.575  INFO 3452 --- [    Test worker] H.H.HelloSpringApplicationTests          : Starting HelloSpringApplicationTests on DESKTOP-FB4SDVF with PID 3452 (started by KBH in C:\Users\KBH\Desktop\HelloSpring)
2021-03-16 01:02:55.577  INFO 3452 --- [    Test worker] H.H.HelloSpringApplicationTests          : No active profile set, falling back to default profiles: default
2021-03-16 01:02:56.971  INFO 3452 --- [    Test worker] o.s.s.concurrent.ThreadPoolTaskExecutor  : Initializing ExecutorService 'applicationTaskExecutor'
2021-03-16 01:02:57.127  INFO 3452 --- [    Test worker] o.s.b.a.w.s.WelcomePageHandlerMapping    : Adding welcome page: class path resource [static/index.html]
2021-03-16 01:02:57.418  INFO 3452 --- [    Test worker] H.H.HelloSpringApplicationTests          : Started HelloSpringApplicationTests in 2.168 seconds (JVM running for 3.635)
]]></system-out>
  <system-err><![CDATA[]]></system-err>
</testsuite>
